<?xml version="1.0" encoding="UTF-8"?>
<testsuite xmlns:xsi="http://www.w3.org/2001/XMLSchema-instance" xsi:noNamespaceSchemaLocation="https://maven.apache.org/surefire/maven-surefire-plugin/xsd/surefire-test-report.xsd" name="TestSuite" time="2.356" tests="5" errors="0" skipped="0" failures="0">
  <properties>
    <property name="sun.desktop" value="windows"/>
    <property name="awt.toolkit" value="sun.awt.windows.WToolkit"/>
    <property name="java.specification.version" value="11"/>
    <property name="sun.cpu.isalist" value="amd64"/>
    <property name="sun.jnu.encoding" value="GBK"/>
    <property name="java.class.path" value="E:\code\software test\Baggage_calculator\target\test-classes;E:\code\software test\Baggage_calculator\target\classes;D:\JAVA\apache-maven-3.9.6\Repository\org\springframework\boot\spring-boot-starter-web\2.5.0\spring-boot-starter-web-2.5.0.jar;D:\JAVA\apache-maven-3.9.6\Repository\org\springframework\boot\spring-boot-starter\2.5.0\spring-boot-starter-2.5.0.jar;D:\JAVA\apache-maven-3.9.6\Repository\org\springframework\boot\spring-boot\2.5.0\spring-boot-2.5.0.jar;D:\JAVA\apache-maven-3.9.6\Repository\org\springframework\boot\spring-boot-autoconfigure\2.5.0\spring-boot-autoconfigure-2.5.0.jar;D:\JAVA\apache-maven-3.9.6\Repository\org\springframework\boot\spring-boot-starter-logging\2.5.0\spring-boot-starter-logging-2.5.0.jar;D:\JAVA\apache-maven-3.9.6\Repository\ch\qos\logback\logback-classic\1.2.3\logback-classic-1.2.3.jar;D:\JAVA\apache-maven-3.9.6\Repository\ch\qos\logback\logback-core\1.2.3\logback-core-1.2.3.jar;D:\JAVA\apache-maven-3.9.6\Repository\org\apache\logging\log4j\log4j-to-slf4j\2.14.1\log4j-to-slf4j-2.14.1.jar;D:\JAVA\apache-maven-3.9.6\Repository\org\slf4j\jul-to-slf4j\1.7.30\jul-to-slf4j-1.7.30.jar;D:\JAVA\apache-maven-3.9.6\Repository\jakarta\annotation\jakarta.annotation-api\1.3.5\jakarta.annotation-api-1.3.5.jar;D:\JAVA\apache-maven-3.9.6\Repository\org\springframework\spring-core\5.3.7\spring-core-5.3.7.jar;D:\JAVA\apache-maven-3.9.6\Repository\org\springframework\spring-jcl\5.3.7\spring-jcl-5.3.7.jar;D:\JAVA\apache-maven-3.9.6\Repository\org\yaml\snakeyaml\1.28\snakeyaml-1.28.jar;D:\JAVA\apache-maven-3.9.6\Repository\org\springframework\boot\spring-boot-starter-json\2.5.0\spring-boot-starter-json-2.5.0.jar;D:\JAVA\apache-maven-3.9.6\Repository\com\fasterxml\jackson\core\jackson-databind\2.12.3\jackson-databind-2.12.3.jar;D:\JAVA\apache-maven-3.9.6\Repository\com\fasterxml\jackson\core\jackson-annotations\2.12.3\jackson-annotations-2.12.3.jar;D:\JAVA\apache-maven-3.9.6\Repository\com\fasterxml\jackson\core\jackson-core\2.12.3\jackson-core-2.12.3.jar;D:\JAVA\apache-maven-3.9.6\Repository\com\fasterxml\jackson\datatype\jackson-datatype-jdk8\2.12.3\jackson-datatype-jdk8-2.12.3.jar;D:\JAVA\apache-maven-3.9.6\Repository\com\fasterxml\jackson\datatype\jackson-datatype-jsr310\2.12.3\jackson-datatype-jsr310-2.12.3.jar;D:\JAVA\apache-maven-3.9.6\Repository\com\fasterxml\jackson\module\jackson-module-parameter-names\2.12.3\jackson-module-parameter-names-2.12.3.jar;D:\JAVA\apache-maven-3.9.6\Repository\org\springframework\boot\spring-boot-starter-tomcat\2.5.0\spring-boot-starter-tomcat-2.5.0.jar;D:\JAVA\apache-maven-3.9.6\Repository\org\apache\tomcat\embed\tomcat-embed-core\9.0.46\tomcat-embed-core-9.0.46.jar;D:\JAVA\apache-maven-3.9.6\Repository\org\apache\tomcat\embed\tomcat-embed-el\9.0.46\tomcat-embed-el-9.0.46.jar;D:\JAVA\apache-maven-3.9.6\Repository\org\apache\tomcat\embed\tomcat-embed-websocket\9.0.46\tomcat-embed-websocket-9.0.46.jar;D:\JAVA\apache-maven-3.9.6\Repository\org\springframework\spring-web\5.3.7\spring-web-5.3.7.jar;D:\JAVA\apache-maven-3.9.6\Repository\org\springframework\spring-beans\5.3.7\spring-beans-5.3.7.jar;D:\JAVA\apache-maven-3.9.6\Repository\org\springframework\spring-webmvc\5.3.7\spring-webmvc-5.3.7.jar;D:\JAVA\apache-maven-3.9.6\Repository\org\springframework\spring-aop\5.3.7\spring-aop-5.3.7.jar;D:\JAVA\apache-maven-3.9.6\Repository\org\springframework\spring-context\5.3.7\spring-context-5.3.7.jar;D:\JAVA\apache-maven-3.9.6\Repository\org\springframework\spring-expression\5.3.7\spring-expression-5.3.7.jar;D:\JAVA\apache-maven-3.9.6\Repository\org\projectlombok\lombok\1.18.20\lombok-1.18.20.jar;D:\JAVA\apache-maven-3.9.6\Repository\io\qameta\allure\allure-testng\2.6.0\allure-testng-2.6.0.jar;D:\JAVA\apache-maven-3.9.6\Repository\io\qameta\allure\allure-descriptions-javadoc\2.6.0\allure-descriptions-javadoc-2.6.0.jar;D:\JAVA\apache-maven-3.9.6\Repository\io\qameta\allure\allure-java-commons\2.6.0\allure-java-commons-2.6.0.jar;D:\JAVA\apache-maven-3.9.6\Repository\com\google\guava\guava\19.0\guava-19.0.jar;D:\JAVA\apache-maven-3.9.6\Repository\io\qameta\allure\allure2-model-api\1.0-BETA6\allure2-model-api-1.0-BETA6.jar;D:\JAVA\apache-maven-3.9.6\Repository\io\qameta\allure\allure2-model-pojo\1.0-BETA6\allure2-model-pojo-1.0-BETA6.jar;D:\JAVA\apache-maven-3.9.6\Repository\org\apache\tika\tika-core\1.14\tika-core-1.14.jar;D:\JAVA\apache-maven-3.9.6\Repository\io\qameta\allure\allure2-model-jackson\1.0-BETA6\allure2-model-jackson-1.0-BETA6.jar;D:\JAVA\apache-maven-3.9.6\Repository\com\fasterxml\jackson\module\jackson-module-jaxb-annotations\2.12.3\jackson-module-jaxb-annotations-2.12.3.jar;D:\JAVA\apache-maven-3.9.6\Repository\jakarta\xml\bind\jakarta.xml.bind-api\2.3.3\jakarta.xml.bind-api-2.3.3.jar;D:\JAVA\apache-maven-3.9.6\Repository\jakarta\activation\jakarta.activation-api\1.2.2\jakarta.activation-api-1.2.2.jar;D:\JAVA\apache-maven-3.9.6\Repository\org\apache\commons\commons-lang3\3.12.0\commons-lang3-3.12.0.jar;D:\JAVA\apache-maven-3.9.6\Repository\org\aspectj\aspectjrt\1.8.10\aspectjrt-1.8.10.jar;D:\JAVA\apache-maven-3.9.6\Repository\org\jooq\joor\0.9.6\joor-0.9.6.jar;D:\JAVA\apache-maven-3.9.6\Repository\org\slf4j\slf4j-api\1.7.30\slf4j-api-1.7.30.jar;D:\JAVA\apache-maven-3.9.6\Repository\org\testng\testng\6.10\testng-6.10.jar;D:\JAVA\apache-maven-3.9.6\Repository\com\beust\jcommander\1.48\jcommander-1.48.jar;D:\JAVA\apache-maven-3.9.6\Repository\org\apache\poi\poi\5.2.4\poi-5.2.4.jar;D:\JAVA\apache-maven-3.9.6\Repository\commons-codec\commons-codec\1.15\commons-codec-1.15.jar;D:\JAVA\apache-maven-3.9.6\Repository\org\apache\commons\commons-collections4\4.4\commons-collections4-4.4.jar;D:\JAVA\apache-maven-3.9.6\Repository\org\apache\commons\commons-math3\3.6.1\commons-math3-3.6.1.jar;D:\JAVA\apache-maven-3.9.6\Repository\commons-io\commons-io\2.13.0\commons-io-2.13.0.jar;D:\JAVA\apache-maven-3.9.6\Repository\com\zaxxer\SparseBitSet\1.3\SparseBitSet-1.3.jar;D:\JAVA\apache-maven-3.9.6\Repository\org\apache\logging\log4j\log4j-api\2.14.1\log4j-api-2.14.1.jar;D:\JAVA\apache-maven-3.9.6\Repository\org\apache\poi\poi-ooxml\5.2.4\poi-ooxml-5.2.4.jar;D:\JAVA\apache-maven-3.9.6\Repository\org\apache\poi\poi-ooxml-lite\5.2.4\poi-ooxml-lite-5.2.4.jar;D:\JAVA\apache-maven-3.9.6\Repository\org\apache\xmlbeans\xmlbeans\5.1.1\xmlbeans-5.1.1.jar;D:\JAVA\apache-maven-3.9.6\Repository\org\apache\commons\commons-compress\1.24.0\commons-compress-1.24.0.jar;D:\JAVA\apache-maven-3.9.6\Repository\com\github\virtuald\curvesapi\1.08\curvesapi-1.08.jar;"/>
    <property name="java.vm.vendor" value="Oracle Corporation"/>
    <property name="sun.arch.data.model" value="64"/>
    <property name="user.variant" value=""/>
    <property name="java.vendor.url" value="https://openjdk.java.net/"/>
    <property name="user.timezone" value="Asia/Shanghai"/>
    <property name="java.vm.specification.version" value="11"/>
    <property name="os.name" value="Windows 11"/>
    <property name="sun.java.launcher" value="SUN_STANDARD"/>
    <property name="user.country" value="CN"/>
    <property name="sun.boot.library.path" value="D:\JAVA\jdk\bin"/>
    <property name="sun.java.command" value="C:\Windows\TEMP\surefire12934692418214568538\surefirebooter3319722426128703688.jar C:\Windows\Temp\surefire12934692418214568538 2024-05-08T08-57-22_304-jvmRun1 surefire874734439941981670tmp surefire_08281156409767140346tmp"/>
    <property name="jdk.debug" value="release"/>
    <property name="surefire.test.class.path" value="E:\code\software test\Baggage_calculator\target\test-classes;E:\code\software test\Baggage_calculator\target\classes;D:\JAVA\apache-maven-3.9.6\Repository\org\springframework\boot\spring-boot-starter-web\2.5.0\spring-boot-starter-web-2.5.0.jar;D:\JAVA\apache-maven-3.9.6\Repository\org\springframework\boot\spring-boot-starter\2.5.0\spring-boot-starter-2.5.0.jar;D:\JAVA\apache-maven-3.9.6\Repository\org\springframework\boot\spring-boot\2.5.0\spring-boot-2.5.0.jar;D:\JAVA\apache-maven-3.9.6\Repository\org\springframework\boot\spring-boot-autoconfigure\2.5.0\spring-boot-autoconfigure-2.5.0.jar;D:\JAVA\apache-maven-3.9.6\Repository\org\springframework\boot\spring-boot-starter-logging\2.5.0\spring-boot-starter-logging-2.5.0.jar;D:\JAVA\apache-maven-3.9.6\Repository\ch\qos\logback\logback-classic\1.2.3\logback-classic-1.2.3.jar;D:\JAVA\apache-maven-3.9.6\Repository\ch\qos\logback\logback-core\1.2.3\logback-core-1.2.3.jar;D:\JAVA\apache-maven-3.9.6\Repository\org\apache\logging\log4j\log4j-to-slf4j\2.14.1\log4j-to-slf4j-2.14.1.jar;D:\JAVA\apache-maven-3.9.6\Repository\org\slf4j\jul-to-slf4j\1.7.30\jul-to-slf4j-1.7.30.jar;D:\JAVA\apache-maven-3.9.6\Repository\jakarta\annotation\jakarta.annotation-api\1.3.5\jakarta.annotation-api-1.3.5.jar;D:\JAVA\apache-maven-3.9.6\Repository\org\springframework\spring-core\5.3.7\spring-core-5.3.7.jar;D:\JAVA\apache-maven-3.9.6\Repository\org\springframework\spring-jcl\5.3.7\spring-jcl-5.3.7.jar;D:\JAVA\apache-maven-3.9.6\Repository\org\yaml\snakeyaml\1.28\snakeyaml-1.28.jar;D:\JAVA\apache-maven-3.9.6\Repository\org\springframework\boot\spring-boot-starter-json\2.5.0\spring-boot-starter-json-2.5.0.jar;D:\JAVA\apache-maven-3.9.6\Repository\com\fasterxml\jackson\core\jackson-databind\2.12.3\jackson-databind-2.12.3.jar;D:\JAVA\apache-maven-3.9.6\Repository\com\fasterxml\jackson\core\jackson-annotations\2.12.3\jackson-annotations-2.12.3.jar;D:\JAVA\apache-maven-3.9.6\Repository\com\fasterxml\jackson\core\jackson-core\2.12.3\jackson-core-2.12.3.jar;D:\JAVA\apache-maven-3.9.6\Repository\com\fasterxml\jackson\datatype\jackson-datatype-jdk8\2.12.3\jackson-datatype-jdk8-2.12.3.jar;D:\JAVA\apache-maven-3.9.6\Repository\com\fasterxml\jackson\datatype\jackson-datatype-jsr310\2.12.3\jackson-datatype-jsr310-2.12.3.jar;D:\JAVA\apache-maven-3.9.6\Repository\com\fasterxml\jackson\module\jackson-module-parameter-names\2.12.3\jackson-module-parameter-names-2.12.3.jar;D:\JAVA\apache-maven-3.9.6\Repository\org\springframework\boot\spring-boot-starter-tomcat\2.5.0\spring-boot-starter-tomcat-2.5.0.jar;D:\JAVA\apache-maven-3.9.6\Repository\org\apache\tomcat\embed\tomcat-embed-core\9.0.46\tomcat-embed-core-9.0.46.jar;D:\JAVA\apache-maven-3.9.6\Repository\org\apache\tomcat\embed\tomcat-embed-el\9.0.46\tomcat-embed-el-9.0.46.jar;D:\JAVA\apache-maven-3.9.6\Repository\org\apache\tomcat\embed\tomcat-embed-websocket\9.0.46\tomcat-embed-websocket-9.0.46.jar;D:\JAVA\apache-maven-3.9.6\Repository\org\springframework\spring-web\5.3.7\spring-web-5.3.7.jar;D:\JAVA\apache-maven-3.9.6\Repository\org\springframework\spring-beans\5.3.7\spring-beans-5.3.7.jar;D:\JAVA\apache-maven-3.9.6\Repository\org\springframework\spring-webmvc\5.3.7\spring-webmvc-5.3.7.jar;D:\JAVA\apache-maven-3.9.6\Repository\org\springframework\spring-aop\5.3.7\spring-aop-5.3.7.jar;D:\JAVA\apache-maven-3.9.6\Repository\org\springframework\spring-context\5.3.7\spring-context-5.3.7.jar;D:\JAVA\apache-maven-3.9.6\Repository\org\springframework\spring-expression\5.3.7\spring-expression-5.3.7.jar;D:\JAVA\apache-maven-3.9.6\Repository\org\projectlombok\lombok\1.18.20\lombok-1.18.20.jar;D:\JAVA\apache-maven-3.9.6\Repository\io\qameta\allure\allure-testng\2.6.0\allure-testng-2.6.0.jar;D:\JAVA\apache-maven-3.9.6\Repository\io\qameta\allure\allure-descriptions-javadoc\2.6.0\allure-descriptions-javadoc-2.6.0.jar;D:\JAVA\apache-maven-3.9.6\Repository\io\qameta\allure\allure-java-commons\2.6.0\allure-java-commons-2.6.0.jar;D:\JAVA\apache-maven-3.9.6\Repository\com\google\guava\guava\19.0\guava-19.0.jar;D:\JAVA\apache-maven-3.9.6\Repository\io\qameta\allure\allure2-model-api\1.0-BETA6\allure2-model-api-1.0-BETA6.jar;D:\JAVA\apache-maven-3.9.6\Repository\io\qameta\allure\allure2-model-pojo\1.0-BETA6\allure2-model-pojo-1.0-BETA6.jar;D:\JAVA\apache-maven-3.9.6\Repository\org\apache\tika\tika-core\1.14\tika-core-1.14.jar;D:\JAVA\apache-maven-3.9.6\Repository\io\qameta\allure\allure2-model-jackson\1.0-BETA6\allure2-model-jackson-1.0-BETA6.jar;D:\JAVA\apache-maven-3.9.6\Repository\com\fasterxml\jackson\module\jackson-module-jaxb-annotations\2.12.3\jackson-module-jaxb-annotations-2.12.3.jar;D:\JAVA\apache-maven-3.9.6\Repository\jakarta\xml\bind\jakarta.xml.bind-api\2.3.3\jakarta.xml.bind-api-2.3.3.jar;D:\JAVA\apache-maven-3.9.6\Repository\jakarta\activation\jakarta.activation-api\1.2.2\jakarta.activation-api-1.2.2.jar;D:\JAVA\apache-maven-3.9.6\Repository\org\apache\commons\commons-lang3\3.12.0\commons-lang3-3.12.0.jar;D:\JAVA\apache-maven-3.9.6\Repository\org\aspectj\aspectjrt\1.8.10\aspectjrt-1.8.10.jar;D:\JAVA\apache-maven-3.9.6\Repository\org\jooq\joor\0.9.6\joor-0.9.6.jar;D:\JAVA\apache-maven-3.9.6\Repository\org\slf4j\slf4j-api\1.7.30\slf4j-api-1.7.30.jar;D:\JAVA\apache-maven-3.9.6\Repository\org\testng\testng\6.10\testng-6.10.jar;D:\JAVA\apache-maven-3.9.6\Repository\com\beust\jcommander\1.48\jcommander-1.48.jar;D:\JAVA\apache-maven-3.9.6\Repository\org\apache\poi\poi\5.2.4\poi-5.2.4.jar;D:\JAVA\apache-maven-3.9.6\Repository\commons-codec\commons-codec\1.15\commons-codec-1.15.jar;D:\JAVA\apache-maven-3.9.6\Repository\org\apache\commons\commons-collections4\4.4\commons-collections4-4.4.jar;D:\JAVA\apache-maven-3.9.6\Repository\org\apache\commons\commons-math3\3.6.1\commons-math3-3.6.1.jar;D:\JAVA\apache-maven-3.9.6\Repository\commons-io\commons-io\2.13.0\commons-io-2.13.0.jar;D:\JAVA\apache-maven-3.9.6\Repository\com\zaxxer\SparseBitSet\1.3\SparseBitSet-1.3.jar;D:\JAVA\apache-maven-3.9.6\Repository\org\apache\logging\log4j\log4j-api\2.14.1\log4j-api-2.14.1.jar;D:\JAVA\apache-maven-3.9.6\Repository\org\apache\poi\poi-ooxml\5.2.4\poi-ooxml-5.2.4.jar;D:\JAVA\apache-maven-3.9.6\Repository\org\apache\poi\poi-ooxml-lite\5.2.4\poi-ooxml-lite-5.2.4.jar;D:\JAVA\apache-maven-3.9.6\Repository\org\apache\xmlbeans\xmlbeans\5.1.1\xmlbeans-5.1.1.jar;D:\JAVA\apache-maven-3.9.6\Repository\org\apache\commons\commons-compress\1.24.0\commons-compress-1.24.0.jar;D:\JAVA\apache-maven-3.9.6\Repository\com\github\virtuald\curvesapi\1.08\curvesapi-1.08.jar;"/>
    <property name="allure.results.directory" value="E:\code\software test\Baggage_calculator\target/allure-results"/>
    <property name="sun.cpu.endian" value="little"/>
    <property name="user.home" value="C:\Users\目少"/>
    <property name="user.language" value="zh"/>
    <property name="java.specification.vendor" value="Oracle Corporation"/>
    <property name="java.version.date" value="2023-07-18"/>
    <property name="java.home" value="D:\JAVA\jdk"/>
    <property name="file.separator" value="\"/>
    <property name="basedir" value="E:\code\software test\Baggage_calculator"/>
    <property name="java.vm.compressedOopsMode" value="Zero based"/>
    <property name="line.separator" value="&#10;"/>
    <property name="java.specification.name" value="Java Platform API Specification"/>
    <property name="java.vm.specification.vendor" value="Oracle Corporation"/>
    <property name="java.awt.graphicsenv" value="sun.awt.Win32GraphicsEnvironment"/>
    <property name="surefire.real.class.path" value="C:\Windows\TEMP\surefire12934692418214568538\surefirebooter3319722426128703688.jar"/>
    <property name="user.script" value=""/>
    <property name="sun.management.compiler" value="HotSpot 64-Bit Tiered Compilers"/>
    <property name="java.runtime.version" value="11.0.20+9-LTS-256"/>
    <property name="user.name" value="目少"/>
    <property name="path.separator" value=";"/>
    <property name="os.version" value="10.0"/>
    <property name="java.runtime.name" value="Java(TM) SE Runtime Environment"/>
    <property name="file.encoding" value="UTF-8"/>
    <property name="java.vm.name" value="Java HotSpot(TM) 64-Bit Server VM"/>
    <property name="java.vendor.version" value="18.9"/>
    <property name="localRepository" value="D:\JAVA\apache-maven-3.9.6\Repository"/>
    <property name="java.vendor.url.bug" value="https://bugreport.java.com/bugreport/"/>
    <property name="java.io.tmpdir" value="C:\Windows\TEMP\"/>
    <property name="java.version" value="11.0.20"/>
    <property name="user.dir" value="E:\code\software test\Baggage_calculator"/>
    <property name="os.arch" value="amd64"/>
    <property name="java.vm.specification.name" value="Java Virtual Machine Specification"/>
    <property name="java.awt.printerjob" value="sun.awt.windows.WPrinterJob"/>
    <property name="sun.os.patch.level" value=""/>
    <property name="java.library.path" value="D:\JAVA\jdk\bin;C:\Windows\Sun\Java\bin;C:\Windows\system32;C:\Windows;D:\python\cuda\bin;D:\python\cuda\libnvvp;C:\Program Files\Common Files\Oracle\Java\javapath;C:\Windows\system32;C:\Windows;C:\Windows\System32\Wbem;C:\Windows\System32\WindowsPowerShell\v1.0\;C:\Windows\System32\OpenSSH\;C:\Program Files (x86)\NVIDIA Corporation\PhysX\Common;C:\Program Files\NVIDIA Corporation\NVIDIA NvDLISR;D:\python\anaconda;D:\python\anaconda\Scripts;D:\python\anaconda\Library\bin;D:\python\anaconda\Library\mingw-w64\bin;D:\python\anaconda\Library\usr\bin;D:\JAVA\jdk\bin;D:\python\wgrib;D:\python\wgrib2;D:\APPS\xshell\;D:\APPS\xftp\;C:\Program Files\nodejs\;D:\python\chorme;D:\GIS\matlab\matlab\runtime\win64;D:\GIS\matlab\matlab\bin;C:\Program Files\nodejs\node.exe;C:\Program Files\nodejs\node_global\node_modules;C:\Program Files\Microsoft SQL Server\130\Tools\Binn\;C:\Program Files (x86)\Windows Kits\10\Windows Performance Toolkit\;C:\Program Files\NVIDIA Corporation\Nsight Compute 2023.1.0\;D:\python\cuda\bin;D:\python\cuda\include;D:\python\cuda\lib;D:\python\cuda\libnvvp;C:\Program Files\MySQL\MySQL Server 8.3\bin;D:\install_zip\apache-jmeter-5.6.3\lib\ext\ApacheJMeter_core.jar;D:\install_zip\apache-jmeter-5.6.3\lib\jorphan.jar;D:\install_zip\apache-jmeter-5.6.3\lib\logkit-2.0.jar;D:\Android\SDK\android-sdk-windows\tools;D:\Android\SDK\android-sdk-windows\platform-tools;D:\Android\SDK\android-sdk-windows\build-tools\29.0.3;D:\JAVA\git\Git\cmd;D:\JAVA\allure-2.29.0\bin;D:\JAVA\apache-maven-3.9.6\bin;D:\python\py310\Scripts\;D:\python\py310\;C:\Users\目少\AppData\Local\Microsoft\WindowsApps;C:\Program Files\nodejs\node_global;C:\Program Files\nodejs;D:\GIS\VScode\Microsoft VS Code\bin;;D:\JAVA\IntelliJ IDEA 2024.1\bin;;E:\code\software test\Baggage_calculator\node_modules\.bin;."/>
    <property name="java.vendor" value="Oracle Corporation"/>
    <property name="java.vm.info" value="mixed mode"/>
    <property name="java.vm.version" value="11.0.20+9-LTS-256"/>
    <property name="java.specification.maintenance.version" value="2"/>
    <property name="sun.io.unicode.encoding" value="UnicodeLittle"/>
    <property name="java.class.version" value="55.0"/>
  </properties>
  <testcase name="testCalBaggagePrice" classname="com.cug.baggage_calculator.service.Impl.BaggageServiceImplTest" time="0.073"/>
  <testcase name="testCal_inland_normal" classname="com.cug.baggage_calculator.service.Impl.BaggageServiceImplTest" time="0.002"/>
  <testcase name="testCal_inland_special" classname="com.cug.baggage_calculator.service.Impl.BaggageServiceImplTest" time="0.001"/>
  <testcase name="testCal_outland_normal" classname="com.cug.baggage_calculator.service.Impl.BaggageServiceImplTest" time="0.003"/>
  <testcase name="testCal_outland_special" classname="com.cug.baggage_calculator.service.Impl.BaggageServiceImplTest" time="0"/>
</testsuite>